*** Using Compiler 'V5.06 update 7 (build 960)', folder: 'C:\Keil_v5\ARM\ARMCC\Bin'
Rebuild target 'Rroject10'
assembling startup_stm32g431xx.s...
compiling stm32g4xx_ll_adc.c...
compiling stm32g4xx_hal.c...
compiling stm32g4xx_hal_gpio.c...
compiling gpio.c...
compiling stm32g4xx_hal_flash_ramfunc.c...
compiling main.c...
compiling stm32g4xx_hal_flash.c...
compiling stm32g4xx_hal_adc_ex.c...
compiling stm32g4xx_hal_flash_ex.c...
compiling adc.c...
compiling stm32g4xx_it.c...
compiling stm32g4xx_hal_msp.c...
compiling stm32g4xx_ll_pwr.c...
compiling stm32g4xx_hal_rcc.c...
compiling lcd.c...
compiling stm32g4xx_hal_rcc_ex.c...
compiling task.c...
compiling stm32g4xx_hal_adc.c...
compiling stm32g4xx_hal_tim.c...
compiling stm32g4xx_hal_tim_ex.c...
compiling stm32g4xx_hal_dma_ex.c...
compiling stm32g4xx_hal_cortex.c...
compiling stm32g4xx_hal_dma.c...
compiling stm32g4xx_hal_pwr.c...
compiling system_stm32g4xx.c...
compiling stm32g4xx_hal_exti.c...
compiling stm32g4xx_hal_pwr_ex.c...
linking...
Program Size: Code=14010 RO-data=5082 RW-data=56 ZI-data=1152  
FromELF: creating hex file...
"Rroject10\Rroject10.axf" - 0 Error(s), 0 Warning(s).
Build Time Elapsed:  00:00:25
